[2019-03-21 03:24:51,218]   INFO -  jetbrains.buildServer.STARTUP - Path to the startup configuration file: /opt/teamcity/bin/../conf/teamcity-startup.properties
[2019-03-21 03:24:51,349]   INFO -  jetbrains.buildServer.STARTUP - 






[2019-03-21 03:24:51,354]   INFO -  jetbrains.buildServer.STARTUP - ===========================================================
[2019-03-21 03:24:51,354]   INFO -  jetbrains.buildServer.STARTUP - Starting TeamCity server
[2019-03-21 03:24:51,812]   INFO -  jetbrains.buildServer.STARTUP - TeamCity version: 2018.2.3 (build 61544), data format version 875
[2019-03-21 03:24:51,821]   INFO -  jetbrains.buildServer.STARTUP - OS: Linux, version 4.9.125-linuxkit, amd64, Current user: root, Time zone: GMT (UTC)
[2019-03-21 03:24:51,823]   INFO -  jetbrains.buildServer.STARTUP - Java: 1.8.0_192, OpenJDK 64-Bit Server VM (25.192-b12, mixed mode), OpenJDK Runtime Environment (1.8.0_192-b12), Oracle Corporation; JVM parameters: -XX:+UnlockExperimentalVMOptions -XX:+UseCGroupMemoryLimitForHeap -Djava.util.logging.config.file=/opt/teamcity/conf/logging.properties -Djava.util.logging.manager=org.apache.juli.ClassLoaderLogManager -Djdk.tls.ephemeralDHKeySize=2048 -Djava.protocol.handler.pkgs=org.apache.catalina.webresources -Dorg.apache.catalina.security.SecurityListener.UMASK=0027 -Xmx512m -Dteamcity.configuration.path=../conf/teamcity-startup.properties -Dlog4j.configuration=file:/opt/teamcity/bin/../conf/teamcity-server-log4j.xml -Dteamcity_logs=/opt/teamcity/bin/../logs -Djava.awt.headless=true -Dignore.endorsed.dirs= -Dcatalina.base=/opt/teamcity -Dcatalina.home=/opt/teamcity -Djava.io.tmpdir=/opt/teamcity/temp
[2019-03-21 03:24:51,827]   INFO -  jetbrains.buildServer.STARTUP - Garbage collection: PS Scavenge, PS MarkSweep
[2019-03-21 03:24:51,828]   INFO -  jetbrains.buildServer.STARTUP - Web server version: Apache Tomcat/8.5.37
[2019-03-21 03:24:51,829]   INFO -  jetbrains.buildServer.STARTUP - Server IP address: 172.24.0.2
[2019-03-21 03:24:51,835]   INFO -  jetbrains.buildServer.STARTUP - Web server ports: 8111 (protocol: HTTP/1.1, scheme: http), 8105 (shutdown port)
[2019-03-21 03:24:51,836]   INFO -  jetbrains.buildServer.STARTUP - Context path: "/", servlet real path: "/opt/teamcity/webapps/ROOT"
[2019-03-21 03:24:51,849]   INFO -  jetbrains.buildServer.STARTUP - TeamCity distribution type: docker-ubuntu
[2019-03-21 03:24:51,850]   INFO -  jetbrains.buildServer.STARTUP - TeamCity server node id: MAIN_SERVER
[2019-03-21 03:24:51,862]   INFO -  jetbrains.buildServer.STARTUP - Version file lock was successfully obtained: /opt/teamcity/webapps/ROOT/BUILD_61544
[2019-03-21 03:24:51,885]   INFO -  jetbrains.buildServer.STARTUP - Current stage: Looking for the TeamCity Data Directory
[2019-03-21 03:24:51,886]   INFO -  jetbrains.buildServer.STARTUP - The TeamCity Data Directory path is determined using the environment variable TEAMCITY_DATA_PATH
[2019-03-21 03:24:51,893]   INFO -  jetbrains.buildServer.STARTUP - The TeamCity Data Directory "/data/teamcity_server/datadir" exists
[2019-03-21 03:24:51,893]   INFO -  jetbrains.buildServer.STARTUP - Asking user to confirm first start with the predefined TeamCity Data Directory path
[2019-03-21 03:24:51,912]   INFO -  jetbrains.buildServer.STARTUP - Startup confirmation is required. Open TeamCity web page in the browser. Server is running at http://localhost:8111
[2019-03-21 03:24:51,913]   INFO -  jetbrains.buildServer.STARTUP - Current stage: Confirming TeamCity first start (administrator login is required to proceed)
[2019-03-21 03:35:57,812]   INFO -  jetbrains.buildServer.STARTUP - Current stage: Initializing the TeamCity Data Directory
[2019-03-21 03:35:58,545]   INFO -  jetbrains.buildServer.STARTUP - Downloading JDBC driver metadata from <https://download.jetbrains.com/teamcity/database-drivers/2018.2.xml?myVersion=2018.2.3&javaVersion=1.8.0_192>...
[2019-03-21 03:36:02,025]   INFO -  jetbrains.buildServer.STARTUP - Current stage: Setting up database connection (administrator login is required to proceed)
[2019-03-21 03:36:13,623]   INFO -  jetbrains.buildServer.STARTUP - Generated JDBC connection string: jdbc:hsqldb:file:$TEAMCITY_SYSTEM_PATH/buildserver
[2019-03-21 03:36:13,627]   INFO -  jetbrains.buildServer.STARTUP - Current stage: Creating a new database
[2019-03-21 03:36:13,629]   INFO -  jetbrains.buildServer.STARTUP - Creating a new database
[2019-03-21 03:36:13,694]   INFO -  jetbrains.buildServer.STARTUP - Effective database connection properties:
[2019-03-21 03:36:13,695]   INFO -  jetbrains.buildServer.STARTUP - 	cache_file_scale=8 [defaults]
[2019-03-21 03:36:13,696]   INFO -  jetbrains.buildServer.STARTUP - 	hsqldb.default_table_type=cached [defaults]
[2019-03-21 03:36:13,696]   INFO -  jetbrains.buildServer.STARTUP - 	log_size=1024 [defaults]
[2019-03-21 03:36:15,486]   INFO -  jetbrains.buildServer.STARTUP - JDBC driver version: 2.3 (HSQL Database Engine Driver)
[2019-03-21 03:36:15,488]   INFO -  jetbrains.buildServer.STARTUP - Database system version: 2.3.2 (HSQL Database Engine)
[2019-03-21 03:36:15,490]   INFO -  jetbrains.buildServer.STARTUP - Connected to the database successfully
[2019-03-21 03:36:15,709]   INFO -  jetbrains.buildServer.STARTUP - Using schema: PUBLIC
[2019-03-21 03:36:15,754]   INFO -  jetbrains.buildServer.STARTUP - Schema contains no tables.
[2019-03-21 03:36:15,760]   INFO -  jetbrains.buildServer.STARTUP - Creating database schema
[2019-03-21 03:36:17,486]   INFO -  jetbrains.buildServer.STARTUP - Using schema: PUBLIC
[2019-03-21 03:36:17,530]   INFO -  jetbrains.buildServer.STARTUP - Schema contains 148 tables.
[2019-03-21 03:36:17,534]   INFO -  jetbrains.buildServer.STARTUP - Database version is 875
[2019-03-21 03:36:17,658]   INFO -  jetbrains.buildServer.STARTUP - Created a new database.properties file with settings specified from Web UI.
[2019-03-21 03:36:17,659]   INFO -  jetbrains.buildServer.STARTUP - Current stage: Initializing TeamCity server components
[2019-03-21 03:36:17,922]   INFO -  jetbrains.buildServer.STARTUP - Starting the main application
[2019-03-21 03:36:18,183]   INFO - ebDispatcherApplicationContext - Refreshing TeamCity Root WebApplicationContext: startup date [Thu Mar 21 03:36:18 GMT 2019]; root of context hierarchy
[2019-03-21 03:36:18,515]   INFO - MainTeamCityApplicationContext - Refreshing WebApplicationContext for namespace 'buildServer-servlet': startup date [Thu Mar 21 03:36:18 GMT 2019]; parent: TeamCity Root WebApplicationContext
[2019-03-21 03:36:31,134]   INFO -   jetbrains.buildServer.SERVER - Loading test names index from database...
[2019-03-21 03:36:31,155]   INFO -   jetbrains.buildServer.SERVER - Finished loading test names index in 16ms. Tests in the index: 0
[2019-03-21 03:36:31,250]   INFO -   jetbrains.buildServer.SERVER - Build history cache size is set to 10000 entries
[2019-03-21 03:36:32,696]   INFO -   jetbrains.buildServer.SERVER - Loading history of VCS changes...
[2019-03-21 03:36:32,731]   INFO -   jetbrains.buildServer.SERVER - Done loading history of VCS changes: 0 changes loaded in 34ms
[2019-03-21 03:36:33,126]   INFO -   jetbrains.buildServer.SERVER - Start initializing build durations cache...
[2019-03-21 03:36:33,142]   INFO -   jetbrains.buildServer.SERVER - Finished initializing build durations cache, time spent: 15ms
[2019-03-21 03:36:39,609]   WARN -   jetbrains.buildServer.UPDATE - Auto update is disabled: not supported for the 'docker-ubuntu' distribution.
[2019-03-21 03:36:44,912]   INFO -   jetbrains.buildServer.SERVER - Applying memory thresholds for Memory Usage Monitor: storing 100 last measurements; time between measurements: 3000ms. Thresholds: {TC_TOTAL_MEMORY_USAGE_KEY=90.0, PS Old Gen=90.0}
[2019-03-21 03:36:50,989]   INFO - til.ChildSpringContextLoader$1 - Refreshing SubContext (BuildAgentUpgrade): startup date [Thu Mar 21 03:36:50 GMT 2019]; parent: WebApplicationContext for namespace 'buildServer-servlet'
[2019-03-21 03:36:51,132]   INFO -  jetbrains.buildServer.STARTUP - TeamCity Spring context contains 1501 beans
[2019-03-21 03:36:52,347]   INFO -  jetbrains.buildServer.STARTUP - TeamCity Spring context created in: 33925 ms
[2019-03-21 03:36:52,493]   INFO -   jetbrains.buildServer.SERVER - Root project configuration files created
[2019-03-21 03:36:52,679]   INFO - ins.files.ServerPluginUnpacker - Unpacking zipped plugins from '/opt/teamcity/webapps/ROOT/WEB-INF/plugins'  to '/opt/teamcity/webapps/ROOT/WEB-INF/plugins/.unpacked'
[2019-03-21 03:36:54,968]   INFO -   jetbrains.buildServer.SERVER - Start pre-compiling JSP files...
[2019-03-21 03:36:58,387]   INFO - ins.files.ServerPluginUnpacker - Unpacking zipped plugins from '/data/teamcity_server/datadir/plugins'  to '/data/teamcity_server/datadir/system/caches/plugins.unpacked'
[2019-03-21 03:36:58,398]   INFO - rver.plugins.PluginManagerImpl - ===========================================================
[2019-03-21 03:36:58,399]   INFO - rver.plugins.PluginManagerImpl - Plugins initialization started...
[2019-03-21 03:36:58,399]   INFO - rver.plugins.PluginManagerImpl - Scanning plugins folders
[2019-03-21 03:36:58,400]   INFO - .plugins.files.JarSearcherBase - Scanning plugin folder: /opt/teamcity/webapps/ROOT/WEB-INF/plugins
[2019-03-21 03:36:58,768]   INFO - .plugins.files.JarSearcherBase - Scanning plugin folder: /data/teamcity_server/datadir/plugins
[2019-03-21 03:36:58,769]   INFO - ins.files.ServerPluginUnpacker - Unpacking zipped plugins from '/data/teamcity_server/datadir/plugins'  to '/data/teamcity_server/datadir/system/caches/plugins.unpacked'
[2019-03-21 03:36:58,859]   INFO - rver.plugins.PluginManagerImpl - Found 97 bundled plugins: [agent-system-info (ver:61544), agent.push (ver:61544), Ant (ver:61544), ant-net-tasks (ver:61544), Apache Ant (ver:61544), artifactsSizeStatistics (ver:61544), bugzilla (ver:61544), buildDurationStatisticsPlugin (ver:61544), clearcase (ver:61544), cloud-amazon (ver:61544), commandLineRunner (ver:61544), commit-status-publisher (ver:61544), configs-dsl (ver:61544), coverage (ver:61544), cvs (ver:61544), data-dir-browse (ver:61544), deploy-runner (ver:61544), docker-support (ver:61544), dotnet-tools (ver:61544), dotnet.cli (ver:61544), dotNetRunners (ver:61544), Duplicator (ver:61544), eclipse-plugin-distributor (ver:61544), email (ver:61544), environment-fetcher (ver:61544), feed (ver:61544), file-content-replacer (ver:61544), flaky-test-detector (ver:61544), FxCop (ver:61544), gant-tool (ver:61544), GAntRunner (ver:61544), gradle-runner (ver:61544), idea-runner-runtime-libs (ver:61544), idea-tool (ver:61544), Inspection (ver:61544), intellij-plugin-distributor (ver:61544), investigations-auto-assigner (ver:61544), Ipr (ver:61544), jabber (ver:61544), Java Crashed detector (ver:61544), java-dowser (ver:61544), jetbrains.git (ver:61544), jira (ver:61544), jps-tool (ver:61544), jvm-update (ver:61544), ldap (ver:61544), Maven2 (ver:61544), mercurial (ver:61544), metarunner (ver:61544), nt-domain-login (ver:61544), nuget (ver:61544), overview-plugin (ver:61544), perfmon (ver:61544), perforce (ver:61544), powershell-runner (ver:61544), priority-queue (ver:61544), pull-requests (ver:61544), queue-pauser (ver:61544), rake-runner (ver:61544), remoteAccess (ver:61544), reset-password (ver:61544), rest-api (ver:61544), rest-api-2017.1 (ver:61544), rest-api-2017.2 (ver:61544), rest-api-6.0 (ver:61544), rest-api-7.0 (ver:61544), rest-api-8.1 (ver:61544), rest-api-9.0 (ver:61544), rest-api-9.1 (ver:61544), rest-api-contrib (ver:61544), rest-api-contrib-2017.1 (ver:61544), rest-api-contrib-2017.2 (ver:61544), rest-api-contrib-9.0 (ver:61544), rest-api-contrib-9.1 (ver:61544), s3-artifact-storage (ver:61544), sbt-runner (ver:61544), searchBuildByNumber (ver:61544), ssh-manager (ver:61544), stacktraces (ver:61544), starteam (ver:61544), svn (ver:61544), swabra (ver:61544), TeamCity.BitBucketIssues (ver:61544), TeamCity.GitHubIssues (ver:61544), TeamCity.SharedResources (ver:61544), tfs (ver:61544), unified-ui (ver:61544), usage-statistics (ver:61544), vault-vcs (ver:61544), visualstudiotest (ver:61544), vs-addin-distributor (ver:61544), vsphere (ver:61544), WindowsTray (ver:61544), WindowsTray-distributor (ver:61544), xcode-runner (ver:61544), xml-report-plugin (ver:61544), youtrack (ver:61544)]
[2019-03-21 03:36:59,238]   INFO - rver.plugins.PluginsCollection - Load shared classloader for 32 plugins [Ant, ant-net-tasks, Apache Ant, artifactsSizeStatistics, buildDurationStatisticsPlugin, clearcase, commandLineRunner, coverage, cvs, email, environment-fetcher, feed, gant-tool, GAntRunner, gradle-runner, intellij-plugin-distributor, jabber, Java Crashed detector, jps-tool, ldap, overview-plugin, perfmon, priority-queue, remoteAccess, sbt-runner, searchBuildByNumber, stacktraces, starteam, swabra, WindowsTray, xml-report-plugin, youtrack]
[2019-03-21 03:36:59,320]   INFO - rver.plugins.PluginsCollection - Load standalone classloaders for 65 plugins [agent-system-info, agent.push, bugzilla, cloud-amazon, commit-status-publisher, configs-dsl, data-dir-browse, deploy-runner, docker-support, dotnet-tools, dotnet.cli, dotNetRunners, Duplicator, eclipse-plugin-distributor, file-content-replacer, flaky-test-detector, FxCop, idea-runner-runtime-libs, idea-tool, Inspection, investigations-auto-assigner, Ipr, java-dowser, jetbrains.git, jira, jvm-update, Maven2, mercurial, metarunner, nt-domain-login, nuget, perforce, powershell-runner, pull-requests, queue-pauser, rake-runner, reset-password, rest-api, rest-api-2017.1, rest-api-2017.2, rest-api-6.0, rest-api-7.0, rest-api-8.1, rest-api-9.0, rest-api-9.1, rest-api-contrib, rest-api-contrib-2017.1, rest-api-contrib-2017.2, rest-api-contrib-9.0, rest-api-contrib-9.1, s3-artifact-storage, ssh-manager, svn, TeamCity.BitBucketIssues, TeamCity.GitHubIssues, TeamCity.SharedResources, tfs, unified-ui, usage-statistics, vault-vcs, visualstudiotest, vs-addin-distributor, vsphere, WindowsTray-distributor, xcode-runner]
[2019-03-21 03:37:03,975]   INFO - e.RemoteMavenServerManagerImpl - Starting external maven service
[2019-03-21 03:37:05,730]   INFO - e.RemoteMavenServerManagerImpl - Remote server is connected.
[2019-03-21 03:37:16,502]   INFO -   jetbrains.buildServer.SERVER - Restoring flaky tests status from finished builds started after: 2019-03-14 03:37:16.467
[2019-03-21 03:37:20,213]   INFO -   jetbrains.buildServer.SERVER - Creating new Lucene index (version.24): org.apache.lucene.store.NIOFSDirectory@/data/teamcity_server/datadir/system/caches/search lockFactory=org.apache.lucene.store.NativeFSLockFactory@4a7da2dd
[2019-03-21 03:37:38,047]   INFO - rver.plugins.PluginManagerImpl - Plugins initialization completed (97 plugins loaded): [agent-system-info (ver:61544), agent.push (ver:61544), Ant (ver:61544), ant-net-tasks (ver:61544), Apache Ant (ver:61544), artifactsSizeStatistics (ver:61544), bugzilla (ver:61544), buildDurationStatisticsPlugin (ver:61544), clearcase (ver:61544), cloud-amazon (ver:61544), commandLineRunner (ver:61544), commit-status-publisher (ver:61544), configs-dsl (ver:61544), coverage (ver:61544), cvs (ver:61544), data-dir-browse (ver:61544), deploy-runner (ver:61544), docker-support (ver:61544), dotnet-tools (ver:61544), dotnet.cli (ver:61544), dotNetRunners (ver:61544), Duplicator (ver:61544), eclipse-plugin-distributor (ver:61544), email (ver:61544), environment-fetcher (ver:61544), feed (ver:61544), file-content-replacer (ver:61544), flaky-test-detector (ver:61544), FxCop (ver:61544), gant-tool (ver:61544), GAntRunner (ver:61544), gradle-runner (ver:61544), idea-runner-runtime-libs (ver:61544), idea-tool (ver:61544), Inspection (ver:61544), intellij-plugin-distributor (ver:61544), investigations-auto-assigner (ver:61544), Ipr (ver:61544), jabber (ver:61544), Java Crashed detector (ver:61544), java-dowser (ver:61544), jetbrains.git (ver:61544), jira (ver:61544), jps-tool (ver:61544), jvm-update (ver:61544), ldap (ver:61544), Maven2 (ver:61544), mercurial (ver:61544), metarunner (ver:61544), nt-domain-login (ver:61544), nuget (ver:61544), overview-plugin (ver:61544), perfmon (ver:61544), perforce (ver:61544), powershell-runner (ver:61544), priority-queue (ver:61544), pull-requests (ver:61544), queue-pauser (ver:61544), rake-runner (ver:61544), remoteAccess (ver:61544), reset-password (ver:61544), rest-api (ver:61544), rest-api-2017.1 (ver:61544), rest-api-2017.2 (ver:61544), rest-api-6.0 (ver:61544), rest-api-7.0 (ver:61544), rest-api-8.1 (ver:61544), rest-api-9.0 (ver:61544), rest-api-9.1 (ver:61544), rest-api-contrib (ver:61544), rest-api-contrib-2017.1 (ver:61544), rest-api-contrib-2017.2 (ver:61544), rest-api-contrib-9.0 (ver:61544), rest-api-contrib-9.1 (ver:61544), s3-artifact-storage (ver:61544), sbt-runner (ver:61544), searchBuildByNumber (ver:61544), ssh-manager (ver:61544), stacktraces (ver:61544), starteam (ver:61544), svn (ver:61544), swabra (ver:61544), TeamCity.BitBucketIssues (ver:61544), TeamCity.GitHubIssues (ver:61544), TeamCity.SharedResources (ver:61544), tfs (ver:61544), unified-ui (ver:61544), usage-statistics (ver:61544), vault-vcs (ver:61544), visualstudiotest (ver:61544), vs-addin-distributor (ver:61544), vsphere (ver:61544), WindowsTray (ver:61544), WindowsTray-distributor (ver:61544), xcode-runner (ver:61544), xml-report-plugin (ver:61544), youtrack (ver:61544)]
[2019-03-21 03:37:38,081]   INFO - rver.plugins.PluginManagerImpl - ===========================================================
[2019-03-21 03:37:38,097]   INFO -   jetbrains.buildServer.SERVER - TeamCity plugins loaded in: 45467 ms
[2019-03-21 03:37:46,523]   INFO -   jetbrains.buildServer.SERVER - Start loading server configuration...
[2019-03-21 03:37:46,747]   INFO -  jetbrains.buildServer.CLEANUP - Max cleanup duration is set to 0 seconds
[2019-03-21 03:37:46,773]   INFO -  jetbrains.buildServer.CLEANUP - Cleanup time has been set to 03:00:00 daily
[2019-03-21 03:37:46,787]   INFO -  jetbrains.buildServer.CLEANUP - Cleanup is enabled
[2019-03-21 03:37:47,247]   INFO -   jetbrains.buildServer.SERVER - Parsing 2 configuration files...
[2019-03-21 03:37:47,319]   INFO -   jetbrains.buildServer.SERVER - Loading data from parsed configuration files...
[2019-03-21 03:37:48,104]   INFO -   jetbrains.buildServer.SERVER - Server configuration loaded in: 1s,558ms
[2019-03-21 03:37:48,147]   INFO - r.configs.dsl.DslPluginManager - Plugin sources are packed in 284ms
[2019-03-21 03:38:06,923]   INFO -   jetbrains.buildServer.SERVER - TeamCity initialized, server UUID: c242d546-1beb-422d-8b69-0f8286e2fe94, URL: http://localhost
[2019-03-21 03:38:06,924]   INFO -   jetbrains.buildServer.SERVER - TeamCity is running in professional mode
[2019-03-21 03:38:06,925]   INFO - utors.DeferringExecutorService - 0 commands sent to execution
[2019-03-21 03:38:06,927]   INFO - utors.DeferringExecutorService - 0 commands sent to execution
[2019-03-21 03:38:06,956]   INFO - utors.DeferringExecutorService - 4 commands sent to execution
[2019-03-21 03:38:06,968]   INFO - utors.DeferringExecutorService - 3 commands sent to execution
[2019-03-21 03:38:06,982]   INFO - utors.DeferringExecutorService - 0 commands sent to execution
[2019-03-21 03:38:06,983]   INFO - utors.DeferringExecutorService - 0 commands sent to execution
[2019-03-21 03:38:06,977]   INFO -   jetbrains.buildServer.SERVER - Start pre-fetching changes for 0 build configurations...
[2019-03-21 03:38:06,992]   INFO -   jetbrains.buildServer.SERVER - Done pre-fetching changes for 0 build configurations in 15ms
[2019-03-21 03:38:07,002]   INFO -   jetbrains.buildServer.SERVER - Start calculating branches for 0 build configurations...
[2019-03-21 03:38:07,003]   INFO -   jetbrains.buildServer.SERVER - Done calculating branches for 0 build configurations (0 branches found) in 8ms
[2019-03-21 03:38:07,005]   INFO -   jetbrains.buildServer.SERVER - Start calculating status for 0 build configurations...
[2019-03-21 03:38:07,007]   INFO -   jetbrains.buildServer.SERVER - Done calculating branches for 0 build configurations in 1ms
[2019-03-21 03:38:07,010]   INFO -   jetbrains.buildServer.SERVER - Start prefetching build statistic metrics for 0 build configurations...
[2019-03-21 03:38:07,013]   INFO -   jetbrains.buildServer.SERVER - Done prefetching build statistic metrics for 0 build configurations in 2ms
[2019-03-21 03:38:07,045]   INFO -   jetbrains.buildServer.SERVER - 0 historical test invocation(s) in 0 build(s) replayed in 0.194 ms (sql queries executed in 0.000 ms); 0 test invocation(s) ignored (0%)
[2019-03-21 03:38:07,046]   INFO -   jetbrains.buildServer.SERVER - Flaky test detector: started processing tests queue. Current deferring tests count: 0
[2019-03-21 03:38:07,047]   INFO -   jetbrains.buildServer.SERVER - Flaky test detector: finished processing deferred tests queue
[2019-03-21 03:38:07,398]   INFO -   jetbrains.buildServer.SERVER - Super user authentication token: 6575412026643589520 (use empty username with the token as the password to access the server)
[2019-03-21 03:38:07,433]   INFO -   jetbrains.buildServer.SERVER - Start loading test runs for investigations and mutes into cache...
[2019-03-21 03:38:07,435]   INFO - .agent.AgentZipVersionProvider - Build agent distribution '/opt/teamcity/webapps/ROOT/update/buildAgent.zip' state initialized. Last modified: 06.03.2019 02:29:55, size: 18963388
[2019-03-21 03:38:07,638]   INFO -   jetbrains.buildServer.SERVER - Start loading "failed to start" build configuration errors in background
[2019-03-21 03:38:07,639]   INFO -   jetbrains.buildServer.SERVER - Done loading "failed to start" build configuration errors: loaded 0 problems
[2019-03-21 03:38:07,673]   INFO -   jetbrains.buildServer.SERVER - Done loading test runs. Loaded 0 tests in 238ms, cache size: 0
[2019-03-21 03:38:07,956]   INFO - ority.PriorityClassManagerImpl - Loading priority classes from the configuration file: /data/teamcity_server/datadir/config/build-queue-priorities.xml
[2019-03-21 03:38:07,985]   INFO -   jetbrains.buildServer.SERVER - Ordering strategy changed to jetbrains.buildServer.serverSide.priority.BuildQueuePriorityOrdering
[2019-03-21 03:38:08,003]   INFO - verSide.impl.BuildServerRunner - Start daemons
[2019-03-21 03:38:08,067]   INFO - tbrains.buildServer.ACTIVITIES - Server Started
[2019-03-21 03:38:08,143]   INFO -  jetbrains.buildServer.STARTUP - Startup duration: 13m:16s
[2019-03-21 03:38:08,145]   INFO -  jetbrains.buildServer.STARTUP - Current stage: System is ready
[2019-03-21 03:38:08,463]   INFO - .agent.AgentZipVersionProvider - Build agent distribution version is set to 61544, hash=SHA-1zO8IPSo8MSu5e1dp/gHzhWcVpts=
[2019-03-21 03:38:31,378]   INFO - nt.AgentPluginsVersionProvider - State of agent plugin packages is initialized in 22s,924ms: new plugin 'JetBrains.dotCover.CommandLineTools.bundled.zip' file: '/opt/teamcity/webapps/ROOT/WEB-INF/plugins/dotNetRunners/bundled-tools/JetBrains.dotCover.CommandLineTools.bundled.zip', hash: 'SHA-1VKua5ifJ0aO1diw5600jUPz90Bg='; new plugin 'agentSystemInfo.zip' file: '/opt/teamcity/webapps/ROOT/WEB-INF/plugins/.unpacked/agentSystemInfo/agent/agentSystemInfo.zip', hash: 'SHA-1t7zW7fX4P/rMeWR7utaIYIgMH1k='; new plugin 'amazonEC2.zip' file: '/opt/teamcity/webapps/ROOT/WEB-INF/plugins/cloud-amazon/agent/amazonEC2.zip', hash: 'SHA-1HPqiOwdrnh2Jbln206q+lNE2OXw='; new plugin 'ant-net-tasks.zip' file: '/opt/teamcity/webapps/ROOT/WEB-INF/plugins/ant-net-tasks/agent/ant-net-tasks.zip', hash: 'SHA-1hpC0O+Y9Br+8/lbzNxABQImXS9M='; new plugin 'ant.zip' file: '/opt/teamcity/webapps/ROOT/WEB-INF/plugins/ant-tool/agent/ant.zip', hash: 'SHA-18iQCvXFdbXdAagovTYBQTQogWKI='; new plugin 'antPlugin.zip' file: '/opt/teamcity/webapps/ROOT/WEB-INF/plugins/ant/agent/antPlugin.zip', hash: 'SHA-1XOXZcO5YIXCa0uYLh69bASL/0XY='; new plugin 'clearcase-agent.zip' file: '/opt/teamcity/webapps/ROOT/WEB-INF/plugins/.unpacked/clearcase/agent/clearcase-agent.zip', hash: 'SHA-1Qo4uoDkvmV3UTp4DHPd6L3U7+P4='; new plugin 'cloud-vmware-agent.zip' file: '/opt/teamcity/webapps/ROOT/WEB-INF/plugins/.unpacked/cloud-vmware/agent/cloud-vmware-agent.zip', hash: 'SHA-1YxrYq/oQP61jIELRHqLlHk5foYk='; new plugin 'commandLineRunner.jar' file: '/opt/teamcity/webapps/ROOT/WEB-INF/plugins/commandLineRunner/agent/commandLineRunner.jar', hash: 'SHA-1Gj4g9rdKox/iiE/uDqMOCrJWytA='; new plugin 'coveragePlugin.zip' file: '/opt/teamcity/webapps/ROOT/WEB-INF/plugins/coverage/agent/coveragePlugin.zip', hash: 'SHA-1cxQ4Vc0emiODP6tvTbLzza+9E40='; new plugin 'crashDetector.zip' file: '/opt/teamcity/webapps/ROOT/WEB-INF/plugins/crash-detector/agent/crashDetector.zip', hash: 'SHA-1x2EwYx+8Z0d7s6bFEhgONBd89Vw='; new plugin 'cvsAgent.zip' file: '/opt/teamcity/webapps/ROOT/WEB-INF/plugins/cvs-support/agent/cvsAgent.zip', hash: 'SHA-1D/e/mW0YOf06WtGAXYV6ZdyXEVI='; new plugin 'deploy-runner-agent.zip' file: '/opt/teamcity/webapps/ROOT/WEB-INF/plugins/.unpacked/deploy-runner/agent/deploy-runner-agent.zip', hash: 'SHA-1sJ70sVeP71PXwJ4pCT0y8GM2Hos='; new plugin 'docker-support.zip' file: '/opt/teamcity/webapps/ROOT/WEB-INF/plugins/.unpacked/docker-support/agent/docker-support.zip', hash: 'SHA-1vQSVNy8kJ5NFCfd9tHetX74h6L4='; new plugin 'dotNetPlugin.zip' file: '/opt/teamcity/webapps/ROOT/WEB-INF/plugins/dotNetRunners/agent/dotNetPlugin.zip', hash: 'SHA-1nBpQQU2SiuvVpfRd3LLteb2QH6A='; new plugin 'dotNetRunners.zip' file: '/opt/teamcity/webapps/ROOT/WEB-INF/plugins/dotNetRunners/agent/dotNetRunners.zip', hash: 'SHA-1xHT/XgbHpj6X8fVbJKKP4A630hA='; new plugin 'dotnet-tools-agent.zip' file: '/opt/teamcity/webapps/ROOT/WEB-INF/plugins/.unpacked/dotnet-tools/agent/dotnet-tools-agent.zip', hash: 'SHA-1sdtUyCIRspEHQPfQxEj+rSoRUfg='; new plugin 'dotnet.cli.zip' file: '/opt/teamcity/webapps/ROOT/WEB-INF/plugins/.unpacked/dotnet.cli/agent/dotnet.cli.zip', hash: 'SHA-1NZjwJJjBo9bz3DsMQUQyfBoi/Kk='; new plugin 'duplicatePlugin.zip' file: '/opt/teamcity/webapps/ROOT/WEB-INF/plugins/Duplicator/agent/duplicatePlugin.zip', hash: 'SHA-1fI0XYBhZITu9iOUnJg3i2fdSu/M='; new plugin 'environment-fetcher-agent.jar' file: '/opt/teamcity/webapps/ROOT/WEB-INF/plugins/environment-fetcher/agent/environment-fetcher-agent.jar', hash: 'SHA-1Eb/EL7hE/7tChVuffa5MwfmjA1Q='; new plugin 'file-content-replacer.zip' file: '/opt/teamcity/webapps/ROOT/WEB-INF/plugins/file-content-replacer/agent/file-content-replacer.zip', hash: 'SHA-1A/YhdviHOBG+oCX2MRdy6/HvHik='; new plugin 'fxcop.zip' file: '/opt/teamcity/webapps/ROOT/WEB-INF/plugins/.unpacked/fxcop/agent/fxcop.zip', hash: 'SHA-1EY37ucnoJlNRu+4r+ENHjsGjhNw='; new plugin 'gant.zip' file: '/opt/teamcity/webapps/ROOT/WEB-INF/plugins/gant-tool/agent/gant.zip', hash: 'SHA-1/CQWifJMiY34FdrT7UwxF9rYUOg='; new plugin 'gantPlugin.zip' file: '/opt/teamcity/webapps/ROOT/WEB-INF/plugins/gantRunner/agent/gantPlugin.zip', hash: 'SHA-1M+A4oTPSz0b37nK+VgiWU69isoc='; new plugin 'gradle-runner.zip' file: '/opt/teamcity/webapps/ROOT/WEB-INF/plugins/gradle/agent/gradle-runner.zip', hash: 'SHA-1qZGEc6UORWnUyhuDqQ0/MjEdUxw='; new plugin 'idea-runner-runtime-libs.zip' file: '/opt/teamcity/webapps/ROOT/WEB-INF/plugins/idea-runner-runtime-libs/agent/idea-runner-runtime-libs.zip', hash: 'SHA-1BBD75+x2Yh/nc9Kj+NyK+osxi/I='; new plugin 'idea-runner.zip' file: '/opt/teamcity/webapps/ROOT/WEB-INF/plugins/ipr-runner/agent/idea-runner.zip', hash: 'SHA-1Dn+SGFa4nEsvqaGeUreDZs1gO1E='; new plugin 'idea.zip' file: '/opt/teamcity/webapps/ROOT/WEB-INF/plugins/idea-tool/bundled/idea.zip', hash: 'SHA-1t0fUtDCumRJjuaP7PpkmgwehEF4='; new plugin 'inspectionPlugin.zip' file: '/opt/teamcity/webapps/ROOT/WEB-INF/plugins/server-side-inspections/agent/inspectionPlugin.zip', hash: 'SHA-1w74htd6J9UmgeTgs7wqufTj7gL0='; new plugin 'jacoco.0.7.5.zip' file: '/opt/teamcity/webapps/ROOT/WEB-INF/plugins/coverage/bundled/jacoco.0.7.5.zip', hash: 'SHA-1MsXfpJy3RQopUq0VYXBx6QDiQPQ='; new plugin 'jacoco.0.8.2.zip' file: '/opt/teamcity/webapps/ROOT/WEB-INF/plugins/coverage/bundled/jacoco.0.8.2.zip', hash: 'SHA-1JCxccbZTfbqRYmvXHRxGpx9UPgY='; new plugin 'java-dowser.zip' file: '/opt/teamcity/webapps/ROOT/WEB-INF/plugins/java-dowser/agent/java-dowser.zip', hash: 'SHA-1M90Ye2baiY70viW9v6TisQQTSwA='; new plugin 'jetbrains.git.zip' file: '/opt/teamcity/webapps/ROOT/WEB-INF/plugins/.unpacked/jetbrains.git/agent/jetbrains.git.zip', hash: 'SHA-1m+fi3IY8iK7+L0MoHYS2lhwsuJ4='; new plugin 'jetbrains.resharper-clt.bundled.zip' file: '/opt/teamcity/webapps/ROOT/WEB-INF/plugins/.unpacked/dotnet-tools/server/bundled-tool/jetbrains.resharper-clt.bundled.zip', hash: 'SHA-1gwKzkB6xXWAYpdWsmJvuyl7A5dY='; new plugin 'jps.zip' file: '/opt/teamcity/webapps/ROOT/WEB-INF/plugins/jps-tool/agent/jps.zip', hash: 'SHA-1Kgx1Ol1kaWbu2jDEcj73l/ORqjs='; new plugin 'junitPlugin.zip' file: '/opt/teamcity/webapps/ROOT/WEB-INF/plugins/ant/agent/junitPlugin.zip', hash: 'SHA-17SIS7iK21imbYWARuYVC00o+35o='; new plugin 'jvm-update.zip' file: '/opt/teamcity/webapps/ROOT/WEB-INF/plugins/jvm-update/agent/jvm-update.zip', hash: 'SHA-1c+HbDwDPddHpUCEiFGJp4hQHvxc='; new plugin 'maven.zip' file: '/opt/teamcity/webapps/ROOT/WEB-INF/plugins/Maven2/bundled-tools/maven.zip', hash: 'SHA-1WHH5TqsdrnTykbK1MWCfAKwuUXE='; new plugin 'maven3.zip' file: '/opt/teamcity/webapps/ROOT/WEB-INF/plugins/Maven2/bundled-tools/maven3.zip', hash: 'SHA-1YL5Q4ohxgMOV3+ZMhZLwc8hS/N8='; new plugin 'maven3_1.zip' file: '/opt/teamcity/webapps/ROOT/WEB-INF/plugins/Maven2/bundled-tools/maven3_1.zip', hash: 'SHA-1DSxXsHse3m3jUTmSyAz4s1IewT0='; new plugin 'maven3_2.zip' file: '/opt/teamcity/webapps/ROOT/WEB-INF/plugins/Maven2/bundled-tools/maven3_2.zip', hash: 'SHA-1+SeCqB1YXGCFDNdhhQnT/pIkCKQ='; new plugin 'maven3_3.zip' file: '/opt/teamcity/webapps/ROOT/WEB-INF/plugins/Maven2/bundled-tools/maven3_3.zip', hash: 'SHA-1R7LIiDBGkM8WGQ/tjv9DuL0CqBI='; new plugin 'maven3_5.zip' file: '/opt/teamcity/webapps/ROOT/WEB-INF/plugins/Maven2/bundled-tools/maven3_5.zip', hash: 'SHA-1MjsIv3Y65rFDL5jp260iY1IcXT0='; new plugin 'mavenPlugin.zip' file: '/opt/teamcity/webapps/ROOT/WEB-INF/plugins/Maven2/agent/mavenPlugin.zip', hash: 'SHA-1pW5AEL2wnyLWnR19DhRhY2R6uAc='; new plugin 'mercurial.zip' file: '/opt/teamcity/webapps/ROOT/WEB-INF/plugins/.unpacked/mercurial/agent/mercurial.zip', hash: 'SHA-1ZH7EImCjX4Gl7BAXhBzbKeppEw8='; new plugin 'meta-runner.zip' file: '/opt/teamcity/webapps/ROOT/WEB-INF/plugins/meta-runner/agent/meta-runner.zip', hash: 'SHA-1j3mjeHPyALwuZp4+xKhqyrS8Ook='; new plugin 'nuget-agent.zip' file: '/opt/teamcity/webapps/ROOT/WEB-INF/plugins/.unpacked/dotNetPackagesSupport/agent/nuget-agent.zip', hash: 'SHA-1tYt7+5REhI7pQZzTtJnsMdg/fDg='; new plugin 'perfmon-agent.zip' file: '/opt/teamcity/webapps/ROOT/WEB-INF/plugins/.unpacked/perfmon/agent/perfmon-agent.zip', hash: 'SHA-1HxiOt45CeiqONfmZW2DK/awU8rM='; new plugin 'perforce-agent.zip' file: '/opt/teamcity/webapps/ROOT/WEB-INF/plugins/perforce/agent/perforce-agent.zip', hash: 'SHA-1Khxrq+SQKbtRDj9ip4XAuoq9m2M='; new plugin 'powershell-agent.zip' file: '/opt/teamcity/webapps/ROOT/WEB-INF/plugins/.unpacked/powershell/agent/powershell-agent.zip', hash: 'SHA-111FonlO56lO+3jkqHoMp4tRrTy0='; new plugin 'rake-runner.zip' file: '/opt/teamcity/webapps/ROOT/WEB-INF/plugins/.unpacked/rake-runner/agent/rake-runner.zip', hash: 'SHA-1N1hdzXOrowKgDyv9cXyi5mwq6G0='; new plugin 'remoteAccess.zip' file: '/opt/teamcity/webapps/ROOT/WEB-INF/plugins/remoteAccess/agent/remoteAccess.zip', hash: 'SHA-1UINAmD8BPaosWuuHC3UyNwoXWww='; new plugin 's3-artifact-storage-agent.zip' file: '/opt/teamcity/webapps/ROOT/WEB-INF/plugins/.unpacked/s3-artifact-storage/agent/s3-artifact-storage-agent.zip', hash: 'SHA-1rEI7HzQePFyXv5/fxiUHV7YNBkY='; new plugin 'sbt-runner-agent.zip' file: '/opt/teamcity/webapps/ROOT/WEB-INF/plugins/.unpacked/sbt-runner/agent/sbt-runner-agent.zip', hash: 'SHA-12l34U+mJSufnV56QIDO7+KACoxs='; new plugin 'ssh-manager.jar' file: '/opt/teamcity/webapps/ROOT/WEB-INF/plugins/ssh-manager/agent/ssh-manager.jar', hash: 'SHA-1UQgIjPXMQ76lq1GyXIEgiHJn18I='; new plugin 'stacktracesPlugin.zip' file: '/opt/teamcity/webapps/ROOT/WEB-INF/plugins/stacktraces/agent/stacktracesPlugin.zip', hash: 'SHA-1uvr8FGy6kBF1h7Q79lBmYFhe6GU='; new plugin 'svnAgent.zip' file: '/opt/teamcity/webapps/ROOT/WEB-INF/plugins/svn/agent/svnAgent.zip', hash: 'SHA-14o2MS8OkDQkzHhFUrR67dvvue9Y='; new plugin 'swabra.zip' file: '/opt/teamcity/webapps/ROOT/WEB-INF/plugins/.unpacked/swabra/agent/swabra.zip', hash: 'SHA-1jdJLVBGVxzMelGIst8tIkHJQj58='; new plugin 'testNGPlugin.zip' file: '/opt/teamcity/webapps/ROOT/WEB-INF/plugins/ant/agent/testNGPlugin.zip', hash: 'SHA-1wOb1WMKnDfrKmMpcvs1VMi1XMfc='; new plugin 'tfs-agent.zip' file: '/opt/teamcity/webapps/ROOT/WEB-INF/plugins/tfs/agent/tfs-agent.zip', hash: 'SHA-1EiF3wYyA+hd6aVkGrs2KbTwB+5k='; new plugin 'visualstudiotest-agent.zip' file: '/opt/teamcity/webapps/ROOT/WEB-INF/plugins/visualstudiotest/agent/visualstudiotest-agent.zip', hash: 'SHA-1KRPfXeBm1LewBv9hi1iKJ5c9rrw='; new plugin 'xcode-runner.zip' file: '/opt/teamcity/webapps/ROOT/WEB-INF/plugins/.unpacked/xcode-runner/agent/xcode-runner.zip', hash: 'SHA-1d0Q58dOAO5CFv2h4W6WOlb5DqHU='; new plugin 'xml-report-plugin.zip' file: '/opt/teamcity/webapps/ROOT/WEB-INF/plugins/.unpacked/xml-report-plugin/agent/xml-report-plugin.zip', hash: 'SHA-1fu4Dm8AVFbXGJQBLl7SfPR6FOQg='
[2019-03-21 03:40:09,942]   INFO - tbrains.buildServer.ACTIVITIES - New user created: 'admin' {id=1}
[2019-03-21 03:40:09,964]   INFO -   jetbrains.buildServer.SERVER - Start loading cache of build committers...
[2019-03-21 03:40:09,993]   INFO -   jetbrains.buildServer.SERVER - Done loading cache of build committers
[2019-03-21 03:40:10,194]   INFO -   jetbrains.buildServer.SERVER - Loading roles from the configuration file: /data/teamcity_server/datadir/config/roles-config.xml
[2019-03-21 03:42:53,112]   INFO - r.configs.dsl.DslPluginManager - Plugins dsl compiled in 5m:05s,160ms
[2019-03-21 03:43:12,809]   INFO -  jetbrains.buildServer.STARTUP - Server shutdown event received
[2019-03-21 03:43:12,810]   INFO -  jetbrains.buildServer.STARTUP - Current stage: TeamCity server is shutting down
[2019-03-21 03:43:12,938]   INFO -  jetbrains.buildServer.STARTUP - Stopping the main application
[2019-03-21 03:43:13,042]   INFO -  jetbrains.buildServer.STARTUP - Destroying the main servlet
[2019-03-21 03:43:13,046]   INFO - MainTeamCityApplicationContext - Closing WebApplicationContext for namespace 'buildServer-servlet': startup date [Thu Mar 21 03:36:18 GMT 2019]; parent: TeamCity Root WebApplicationContext
[2019-03-21 03:43:13,050]   INFO - tbrains.buildServer.ACTIVITIES - Shutdown Spring components
[2019-03-21 03:43:13,054]   INFO -   jetbrains.buildServer.SERVER - Start shutdown of the thread "Ping 1"
[2019-03-21 03:43:13,057]   INFO -   jetbrains.buildServer.SERVER - Start shutdown of the thread "Flush Queue 1"
[2019-03-21 03:43:13,058]   INFO -   jetbrains.buildServer.SERVER - Start shutdown of the thread "Build Triggers Monitor 1"
[2019-03-21 03:43:13,062]   INFO -   jetbrains.buildServer.SERVER - Start shutdown of the thread "Build Triggers Monitor 1"
[2019-03-21 03:43:13,073]   INFO -   jetbrains.buildServer.SERVER - Saving projects credentials on disk ...
[2019-03-21 03:43:13,074]   INFO -   jetbrains.buildServer.SERVER - Saving projects credentials on disk finished
[2019-03-21 03:43:13,076]   INFO - ojects.BackgroundPersisterImpl - Shutdown background persister
[2019-03-21 03:43:13,257]   INFO - ojects.BackgroundPersisterImpl - Background persister shutdown complete
[2019-03-21 03:43:13,330]   INFO - Server.serverSide.TmpFilesImpl - Delete temp files on server shutdown
[2019-03-21 03:43:13,402]   INFO - Server.serverSide.TmpFilesImpl - Temp files were deleted in 73ms
[2019-03-21 03:43:13,404]   INFO -   jetbrains.buildServer.SERVER - Finishing pending agents long-polling requests
[2019-03-21 03:43:13,410]   INFO - .index.BuildIndexer (metadata) - Background build indexer finished
[2019-03-21 03:43:13,593]   WARN - r.configs.dsl.DslPluginManager - Kotlin DSL documentation generation process is still running, stopping it
[2019-03-21 03:43:14,114]   INFO - ld.index.BuildIndexer (search) - Background build indexer finished
[2019-03-21 03:43:14,257]   INFO - rShutdownProcessTerminatorImpl - Start killing all child processes. To disable it set 'teamcity.kill.child.processes.on.shutdown' JVM property to 'false'
[2019-03-21 03:43:14,265]   INFO - rocesses.ProcessTreeTerminator - Using jetbrains.buildServer.processes.ProcessTreeTerminatorLinux
[2019-03-21 03:43:14,272]   INFO - .ProcessTreeTerminatorImplBase - Will use command 'sh -c echo $$ && ps awwxo pid,ppid,command | tee'.
[2019-03-21 03:43:14,358]   INFO - .ProcessTreeTerminatorImplBase - Will use command 'sh -c echo $$ && ps awwxo pid,ppid,command | tee'.
[2019-03-21 03:43:14,405]   INFO - ses.ProcessTreeTerminatorLinux - Second thread id is 115
[2019-03-21 03:43:14,406]   INFO - ses.ProcessTreeTerminatorLinux - Thread is Process thread model: false
[2019-03-21 03:43:14,407]   INFO - .ProcessTreeTerminatorImplBase - Collecting processes from the current one, current process PID 115
[2019-03-21 03:43:14,410]   INFO - processes.VisitableProcessTree - Visited process: PID: 314 PPID: 115 CMD: /opt/java/openjdk/jre/bin/j...
[2019-03-21 03:43:14,410]   INFO - .ProcessTreeTerminatorImplBase - Kill process pid=314 cmd=/opt/java/openjdk/jre/bin/java -Xmx768m -cp /opt/teamcity/webapps/ROOT/WEB-INF/plugins/.unpacked/...
[2019-03-21 03:43:14,450]   INFO - tbrains.buildServer.ACTIVITIES - Spring components are shut down
[2019-03-21 03:43:14,461]   INFO - til.ChildSpringContextLoader$1 - Closing SubContext (BuildAgentUpgrade): startup date [Thu Mar 21 03:36:50 GMT 2019]; parent: WebApplicationContext for namespace 'buildServer-servlet'
[2019-03-21 03:43:14,629]   INFO -  jetbrains.buildServer.STARTUP - The main servlet destroyed
[2019-03-21 03:43:14,635]   INFO - ide.db.TeamCityDatabaseManager - Performing shutdown on HSQL database...
[2019-03-21 03:43:14,815]   INFO - ide.db.TeamCityDatabaseManager - HSQL database shutdown performed successfully.
[2019-03-21 03:43:14,818]   INFO -  jetbrains.buildServer.STARTUP - Version file lock was released: /opt/teamcity/webapps/ROOT/BUILD_61544
[2019-03-21 03:43:14,818]   INFO -  jetbrains.buildServer.STARTUP - Server shutdown complete
